2018-10-05 10:34:15,406  INFO [PoolService-0] Log:15 - Param Constructor..
 2018-10-05 10:34:15,410  INFO [PoolService-0] Log:15 - Intiated Method to verify welcome screen..
 2018-10-05 10:34:21,789  INFO [PoolService-0] Log:15 - Status of headerTxt is true
 2018-10-05 10:34:26,121  INFO [PoolService-0] Log:15 - Status of subTxt_AreYouAnABO is true
 2018-10-05 10:34:30,872  INFO [PoolService-1] Log:15 - Param Constructor..
 2018-10-05 10:34:30,873  INFO [PoolService-1] Log:15 - Intiated Method to verify welcome screen..
 2018-10-05 10:34:32,371  INFO [PoolService-0] Log:15 - Status of btnYes is true
 2018-10-05 10:34:35,430  INFO [PoolService-1] Log:15 - Status of headerTxt is true
 2018-10-05 10:34:39,150  INFO [PoolService-0] Log:15 - Status of btnNO is true
 2018-10-05 10:34:39,158  INFO [PoolService-0] Log:15 - Intiated method to click on No button in welcome screen..
 2018-10-05 10:34:39,650  INFO [PoolService-1] Log:15 - Status of subTxt_AreYouAnABO is true
 2018-10-05 10:34:45,604  INFO [PoolService-1] Log:15 - Status of btnYes is true
 2018-10-05 10:34:49,831  INFO [PoolService-1] Log:15 - Status of btnNO is false
 2018-10-05 10:34:49,832  INFO [PoolService-1] Log:15 - Intiated method to click on No button in welcome screen..
 2018-10-05 10:34:50,637  INFO [PoolService-0] Log:15 - Clicked on NO button..
 2018-10-05 10:45:56,233  INFO [PoolService-1] Log:15 - Param Constructor..
 2018-10-05 10:45:56,241  INFO [PoolService-1] Log:15 - Intiated Method to verify welcome screen..
 2018-10-05 10:46:00,950  INFO [PoolService-1] Log:15 - Status of headerTxt is true
 2018-10-05 10:46:01,082  INFO [PoolService-0] Log:15 - Param Constructor..
 2018-10-05 10:46:01,083  INFO [PoolService-0] Log:15 - Intiated Method to verify welcome screen..
 2018-10-05 10:46:04,728  INFO [PoolService-1] Log:15 - Status of subTxt_AreYouAnABO is true
 2018-10-05 10:46:05,852  INFO [PoolService-0] Log:15 - Status of headerTxt is true
 2018-10-05 10:46:10,927  INFO [PoolService-1] Log:15 - Status of btnYes is true
 2018-10-05 10:46:11,529  INFO [PoolService-0] Log:15 - Status of subTxt_AreYouAnABO is true
 2018-10-05 10:46:15,012  INFO [PoolService-1] Log:15 - Status of btnNO is true
 2018-10-05 10:46:15,017  INFO [PoolService-1] Log:15 - Intiated method to click on No button in welcome screen..
 2018-10-05 10:46:17,143  INFO [PoolService-0] Log:15 - Status of btnYes is true
 2018-10-05 10:46:21,931  INFO [PoolService-0] Log:15 - Status of btnNO is true
 2018-10-05 10:46:21,932  INFO [PoolService-0] Log:15 - Intiated method to click on No button in welcome screen..
 2018-10-05 10:46:26,402  INFO [PoolService-1] Log:15 - Clicked on NO button..
 2018-10-05 10:55:07,555  INFO [PoolService-0] Log:15 - Param Constructor..
 2018-10-05 10:55:07,558  INFO [PoolService-0] Log:15 - Intiated Method to verify welcome screen..
 2018-10-05 10:55:12,921  INFO [PoolService-0] Log:15 - Status of headerTxt is true
 2018-10-05 10:55:17,023  INFO [PoolService-0] Log:15 - Status of subTxt_AreYouAnABO is true
 2018-10-05 10:55:21,246  INFO [PoolService-0] Log:15 - Status of btnYes is true
 2018-10-05 10:55:23,741  INFO [PoolService-1] Log:15 - Param Constructor..
 2018-10-05 10:55:23,743  INFO [PoolService-1] Log:15 - Intiated Method to verify welcome screen..
 2018-10-05 10:55:28,097  INFO [PoolService-0] Log:15 - Status of btnNO is true
 2018-10-05 10:55:28,104  INFO [PoolService-0] Log:15 - Intiated method to click on No button in welcome screen..
 2018-10-05 10:55:28,279  INFO [PoolService-1] Log:15 - Status of headerTxt is true
 2018-10-05 10:55:32,718  INFO [PoolService-1] Log:15 - Status of subTxt_AreYouAnABO is true
 2018-10-05 10:55:38,286  INFO [PoolService-1] Log:15 - Status of btnYes is true
 2018-10-05 10:55:44,950  INFO [PoolService-1] Log:15 - Status of btnNO is false
 2018-10-05 10:55:44,951  INFO [PoolService-1] Log:15 - Intiated method to click on No button in welcome screen..
 2018-10-05 10:55:45,457  INFO [PoolService-0] Log:15 - Clicked on NO button..
 2018-10-05 11:08:40,396  INFO [PoolService-0] Log:15 - Param Constructor..
 2018-10-05 11:08:40,400  INFO [PoolService-0] Log:15 - Intiated Method to verify welcome screen..
 2018-10-05 11:08:44,977  INFO [PoolService-0] Log:15 - Status of headerTxt is true
 2018-10-05 11:08:45,503  INFO [PoolService-1] Log:15 - Param Constructor..
 2018-10-05 11:08:45,503  INFO [PoolService-1] Log:15 - Intiated Method to verify welcome screen..
 2018-10-05 11:08:49,099  INFO [PoolService-0] Log:15 - Status of subTxt_AreYouAnABO is true
 2018-10-05 11:08:49,272  INFO [PoolService-1] Log:15 - Status of headerTxt is true
 2018-10-05 11:08:53,033  INFO [PoolService-0] Log:15 - Status of btnYes is true
 2018-10-05 11:08:53,497  INFO [PoolService-1] Log:15 - Status of subTxt_AreYouAnABO is true
 2018-10-05 11:08:56,579  INFO [PoolService-0] Log:15 - Status of btnNO is true
 2018-10-05 11:08:56,582  INFO [PoolService-0] Log:15 - Intiated method to click on No button in welcome screen..
 2018-10-05 11:08:57,644  INFO [PoolService-1] Log:15 - Status of btnYes is true
 2018-10-05 11:09:03,096  INFO [PoolService-1] Log:15 - Status of btnNO is true
 2018-10-05 11:09:03,097  INFO [PoolService-1] Log:15 - Intiated method to click on No button in welcome screen..
 2018-10-05 11:18:06,795  INFO [PoolService-1] Log:15 - Param Constructor..
 2018-10-05 11:18:06,798  INFO [PoolService-1] Log:15 - Intiated Method to verify welcome screen..
 2018-10-05 11:18:12,720  INFO [PoolService-1] Log:15 - Status of headerTxt is true
 2018-10-05 11:18:16,716  INFO [PoolService-1] Log:15 - Status of subTxt_AreYouAnABO is true
 2018-10-05 11:18:20,040  INFO [PoolService-1] Log:15 - Status of btnYes is true
 2018-10-05 11:18:24,528  INFO [PoolService-1] Log:15 - Status of btnNO is true
 2018-10-05 11:18:24,535  INFO [PoolService-1] Log:15 - Intiated method to click on No button in welcome screen..
 2018-10-05 11:18:25,603  INFO [PoolService-0] Log:15 - Param Constructor..
 2018-10-05 11:18:25,604  INFO [PoolService-0] Log:15 - Intiated Method to verify welcome screen..
 2018-10-05 11:18:28,807  INFO [PoolService-0] Log:15 - Status of headerTxt is true
 2018-10-05 11:18:32,583  INFO [PoolService-0] Log:15 - Status of subTxt_AreYouAnABO is true
 2018-10-05 11:18:35,788  INFO [PoolService-1] Log:15 - Clicked on NO button..
 2018-10-05 11:18:35,958  INFO [PoolService-0] Log:15 - Status of btnYes is false
 